c:\users\luiz henrique\desktop\aprendendo.cpp.1\ga 5.0 personagens\ga 5.0 personagens\debug\vc120.pdb
c:\users\luiz henrique\desktop\aprendendo.cpp.1\ga 5.0 personagens\ga 5.0 personagens\debug\vc120.idb
c:\users\luiz henrique\desktop\aprendendo.cpp.1\ga 5.0 personagens\ga 5.0 personagens\debug\clerigo.obj
c:\users\luiz henrique\desktop\aprendendo.cpp.1\ga 5.0 personagens\ga 5.0 personagens\debug\guerreiro.obj
c:\users\luiz henrique\desktop\aprendendo.cpp.1\ga 5.0 personagens\ga 5.0 personagens\debug\inventario.obj
c:\users\luiz henrique\desktop\aprendendo.cpp.1\ga 5.0 personagens\ga 5.0 personagens\debug\item.obj
c:\users\luiz henrique\desktop\aprendendo.cpp.1\ga 5.0 personagens\ga 5.0 personagens\debug\jogo.obj
c:\users\luiz henrique\desktop\aprendendo.cpp.1\ga 5.0 personagens\ga 5.0 personagens\debug\ladino.obj
c:\users\luiz henrique\desktop\aprendendo.cpp.1\ga 5.0 personagens\ga 5.0 personagens\debug\mago.obj
c:\users\luiz henrique\desktop\aprendendo.cpp.1\ga 5.0 personagens\ga 5.0 personagens\debug\main.obj
c:\users\luiz henrique\desktop\aprendendo.cpp.1\ga 5.0 personagens\ga 5.0 personagens\debug\gerenciador.obj
c:\users\luiz henrique\desktop\aprendendo.cpp.1\ga 5.0 personagens\ga 5.0 personagens\debug\jogador.obj
c:\users\luiz henrique\desktop\aprendendo.cpp.1\ga 5.0 personagens\ga 5.0 personagens\debug\atributos.obj
c:\users\luiz henrique\desktop\aprendendo.cpp.1\ga 5.0 personagens\debug\ga 5.0 personagens.pdb
c:\users\luiz henrique\desktop\aprendendo.cpp.1\ga 5.0 personagens\ga 5.0 personagens\debug\ga 5.0 p.f36e2103.tlog\cl.command.1.tlog
c:\users\luiz henrique\desktop\aprendendo.cpp.1\ga 5.0 personagens\ga 5.0 personagens\debug\ga 5.0 p.f36e2103.tlog\cl.read.1.tlog
c:\users\luiz henrique\desktop\aprendendo.cpp.1\ga 5.0 personagens\ga 5.0 personagens\debug\ga 5.0 p.f36e2103.tlog\cl.write.1.tlog
c:\users\luiz henrique\desktop\aprendendo.cpp.1\ga 5.0 personagens\ga 5.0 personagens\debug\ga 5.0 p.f36e2103.tlog\link-cvtres.read.1.tlog
c:\users\luiz henrique\desktop\aprendendo.cpp.1\ga 5.0 personagens\ga 5.0 personagens\debug\ga 5.0 p.f36e2103.tlog\link-cvtres.write.1.tlog
c:\users\luiz henrique\desktop\aprendendo.cpp.1\ga 5.0 personagens\ga 5.0 personagens\debug\ga 5.0 p.f36e2103.tlog\link-rc.read.1.tlog
c:\users\luiz henrique\desktop\aprendendo.cpp.1\ga 5.0 personagens\ga 5.0 personagens\debug\ga 5.0 p.f36e2103.tlog\link-rc.write.1.tlog
c:\users\luiz henrique\desktop\aprendendo.cpp.1\ga 5.0 personagens\ga 5.0 personagens\debug\ga 5.0 p.f36e2103.tlog\link.command.1.tlog
c:\users\luiz henrique\desktop\aprendendo.cpp.1\ga 5.0 personagens\ga 5.0 personagens\debug\ga 5.0 p.f36e2103.tlog\link.read.1.tlog
c:\users\luiz henrique\desktop\aprendendo.cpp.1\ga 5.0 personagens\ga 5.0 personagens\debug\ga 5.0 p.f36e2103.tlog\link.write.1.tlog
